[1018/143856.830:ERROR:process_reader_win.cc(151)] SuspendThread: Access is denied. (0x5)
[1018/143856.833:ERROR:process_reader_win.cc(151)] SuspendThread: Access is denied. (0x5)
[1018/143856.834:ERROR:process_reader_win.cc(151)] SuspendThread: Access is denied. (0x5)
[1018/143856.834:ERROR:process_reader_win.cc(151)] SuspendThread: Access is denied. (0x5)
[1018/143856.834:ERROR:process_reader_win.cc(123)] NtOpenThread: {Access Denied} A process has requested access to an object, but has not been granted those access rights. (0xc0000022)
[1018/143856.844:ERROR:exception_snapshot_win.cc(98)] thread ID 10040 not found in process
[1018/165514.324:ERROR:process_reader_win.cc(123)] NtOpenThread: {Access Denied} A process has requested access to an object, but has not been granted those access rights. (0xc0000022)
[1018/165514.326:ERROR:exception_snapshot_win.cc(98)] thread ID 10932 not found in process
[1019/013018.035:ERROR:process_reader_win.cc(151)] SuspendThread: Access is denied. (0x5)
[1019/013018.059:ERROR:process_reader_win.cc(151)] SuspendThread: Access is denied. (0x5)
[0117/011314.658:ERROR:file_io.cc(89)] ReadExactly: expected 36, observed 0
[0220/200256.250:ERROR:process_reader_win.cc(123)] NtOpenThread: {Access Denied} A process has requested access to an object, but has not been granted those access rights. (0xc0000022)
[0220/200256.511:ERROR:exception_snapshot_win.cc(98)] thread ID 7776 not found in process
[0226/202124.119:ERROR:process_memory_win.cc(73)] ReadMemory at 0x7ff626910000 of 64 bytes failed: Only part of a ReadProcessMemory or WriteProcessMemory request was completed. (0x12B)
[0226/202124.145:WARNING:pe_image_reader.cc(340)] could not read dos header from C:\Program Files (x86)\Google\Chrome\Application\chrome.exe
[0226/202124.145:ERROR:process_memory_win.cc(73)] ReadMemory at 0x7ff849a20000 of 64 bytes failed: Only part of a ReadProcessMemory or WriteProcessMemory request was completed. (0x12B)
[0226/202124.145:WARNING:pe_image_reader.cc(340)] could not read dos header from C:\WINDOWS\SYSTEM32\ntdll.dll
[0226/202124.145:ERROR:process_memory_win.cc(73)] ReadMemory at 0x7ff848e40000 of 64 bytes failed: Only part of a ReadProcessMemory or WriteProcessMemory request was completed. (0x12B)
[0226/202124.145:WARNING:pe_image_reader.cc(340)] could not read dos header from C:\WINDOWS\System32\KERNEL32.DLL
[0226/202124.145:ERROR:process_memory_win.cc(73)] ReadMemory at 0x7ff8473f0000 of 64 bytes failed: Only part of a ReadProcessMemory or WriteProcessMemory request was completed. (0x12B)
[0226/202124.145:WARNING:pe_image_reader.cc(340)] could not read dos header from C:\WINDOWS\System32\KERNELBASE.dll
[0226/202124.145:ERROR:process_memory_win.cc(73)] ReadMemory at 0x7ff80e950000 of 64 bytes failed: Only part of a ReadProcessMemory or WriteProcessMemory request was completed. (0x12B)
[0226/202124.145:WARNING:pe_image_reader.cc(340)] could not read dos header from C:\Program Files (x86)\Google\Chrome\Application\79.0.3945.130\chrome_elf.dll
[0226/202124.145:ERROR:process_memory_win.cc(73)] ReadMemory at 0x7ff83c980000 of 64 bytes failed: Only part of a ReadProcessMemory or WriteProcessMemory request was completed. (0x12B)
[0226/202124.145:WARNING:pe_image_reader.cc(340)] could not read dos header from C:\WINDOWS\SYSTEM32\VERSION.dll
[0226/202124.145:ERROR:process_memory_win.cc(73)] ReadMemory at 0x7ff849080000 of 64 bytes failed: Only part of a ReadProcessMemory or WriteProcessMemory request was completed. (0x12B)
[0226/202124.145:WARNING:pe_image_reader.cc(340)] could not read dos header from C:\WINDOWS\System32\msvcrt.dll
[0226/202124.145:ERROR:process_memory_win.cc(73)] ReadMemory at 0x7ff847840000 of 64 bytes failed: Only part of a ReadProcessMemory or WriteProcessMemory request was completed. (0x12B)
[0226/202124.145:WARNING:pe_image_reader.cc(340)] could not read dos header from C:\WINDOWS\System32\bcryptPrimitives.dll
[0226/202124.145:ERROR:process_memory_win.cc(73)] ReadMemory at 0x7ff848c20000 of 64 bytes failed: Only part of a ReadProcessMemory or WriteProcessMemory request was completed. (0x12B)
[0226/202124.145:WARNING:pe_image_reader.cc(340)] could not read dos header from C:\WINDOWS\System32\ADVAPI32.dll
[0226/202124.154:ERROR:process_memory_win.cc(73)] ReadMemory at 0x7ff848da0000 of 64 bytes failed: Only part of a ReadProcessMemory or WriteProcessMemory request was completed. (0x12B)
[0226/202124.154:WARNING:pe_image_reader.cc(340)] could not read dos header from C:\WINDOWS\System32\sechost.dll
[0226/202124.154:ERROR:process_memory_win.cc(73)] ReadMemory at 0x7ff848f00000 of 64 bytes failed: Only part of a ReadProcessMemory or WriteProcessMemory request was completed. (0x12B)
[0226/202124.154:WARNING:pe_image_reader.cc(340)] could not read dos header from C:\WINDOWS\System32\RPCRT4.dll
[0226/202124.154:ERROR:process_memory_win.cc(73)] ReadMemory at 0x7ff8485a0000 of 64 bytes failed: Only part of a ReadProcessMemory or WriteProcessMemory request was completed. (0x12B)
[0226/202124.154:WARNING:pe_image_reader.cc(340)] could not read dos header from C:\WINDOWS\System32\user32.dll
[0226/202124.154:ERROR:process_memory_win.cc(73)] ReadMemory at 0x7ff8469b0000 of 64 bytes failed: Only part of a ReadProcessMemory or WriteProcessMemory request was completed. (0x12B)
[0226/202124.154:WARNING:pe_image_reader.cc(340)] could not read dos header from C:\WINDOWS\System32\win32u.dll
[0226/202124.154:ERROR:process_memory_win.cc(73)] ReadMemory at 0x7ff847bc0000 of 64 bytes failed: Only part of a ReadProcessMemory or WriteProcessMemory request was completed. (0x12B)
[0226/202124.154:WARNING:pe_image_reader.cc(340)] could not read dos header from C:\WINDOWS\System32\GDI32.dll
[0226/202124.154:ERROR:process_memory_win.cc(73)] ReadMemory at 0x7ff8476a0000 of 64 bytes failed: Only part of a ReadProcessMemory or WriteProcessMemory request was completed. (0x12B)
[0226/202124.154:WARNING:pe_image_reader.cc(340)] could not read dos header from C:\WINDOWS\System32\gdi32full.dll
[0226/202124.154:ERROR:process_memory_win.cc(73)] ReadMemory at 0x7ff847a10000 of 64 bytes failed: Only part of a ReadProcessMemory or WriteProcessMemory request was completed. (0x12B)
[0226/202124.154:WARNING:pe_image_reader.cc(340)] could not read dos header from C:\WINDOWS\System32\msvcp_win.dll
[0226/202124.154:ERROR:process_memory_win.cc(73)] ReadMemory at 0x7ff8472f0000 of 64 bytes failed: Only part of a ReadProcessMemory or WriteProcessMemory request was completed. (0x12B)
[0226/202124.154:WARNING:pe_image_reader.cc(340)] could not read dos header from C:\WINDOWS\System32\ucrtbase.dll
[0226/202124.154:ERROR:process_memory_win.cc(73)] ReadMemory at 0x7ff847da0000 of 64 bytes failed: Only part of a ReadProcessMemory or WriteProcessMemory request was completed. (0x12B)
[0226/202124.154:WARNING:pe_image_reader.cc(340)] could not read dos header from C:\WINDOWS\System32\IMM32.DLL
[0226/202124.154:ERROR:process_memory_win.cc(73)] ReadMemory at 0x7fffeff10000 of 64 bytes failed: Only part of a ReadProcessMemory or WriteProcessMemory request was completed. (0x12B)
[0226/202124.154:WARNING:pe_image_reader.cc(340)] could not read dos header from C:\Program Files (x86)\Google\Chrome\Application\79.0.3945.130\chrome_child.dll
[0226/202124.154:ERROR:process_memory_win.cc(73)] ReadMemory at 0x7ff847dd0000 of 64 bytes failed: Only part of a ReadProcessMemory or WriteProcessMemory request was completed. (0x12B)
[0226/202124.154:WARNING:pe_image_reader.cc(340)] could not read dos header from C:\WINDOWS\System32\OLEAUT32.dll
[0226/202124.154:ERROR:process_memory_win.cc(73)] ReadMemory at 0x7ff848860000 of 64 bytes failed: Only part of a ReadProcessMemory or WriteProcessMemory request was completed. (0x12B)
[0226/202124.154:WARNING:pe_image_reader.cc(340)] could not read dos header from C:\WINDOWS\System32\combase.dll
[0226/202124.154:ERROR:process_memory_win.cc(73)] ReadMemory at 0x7ff849120000 of 64 bytes failed: Only part of a ReadProcessMemory or WriteProcessMemory request was completed. (0x12B)
[0226/202124.154:WARNING:pe_image_reader.cc(340)] could not read dos header from C:\WINDOWS\System32\WS2_32.dll
[0226/202124.155:ERROR:process_memory_win.cc(73)] ReadMemory at 0x7ff847240000 of 64 bytes failed: Only part of a ReadProcessMemory or WriteProcessMemory request was completed. (0x12B)
[0226/202124.155:WARNING:pe_image_reader.cc(340)] could not read dos header from C:\WINDOWS\System32\WINTRUST.dll
[0226/202124.155:ERROR:process_memory_win.cc(73)] ReadMemory at 0x7ff846970000 of 64 bytes failed: Only part of a ReadProcessMemory or WriteProcessMemory request was completed. (0x12B)
[0226/202124.155:WARNING:pe_image_reader.cc(340)] could not read dos header from C:\WINDOWS\System32\MSASN1.dll
[0226/202124.155:ERROR:process_memory_win.cc(73)] ReadMemory at 0x7ff8478c0000 of 64 bytes failed: Only part of a ReadProcessMemory or WriteProcessMemory request was completed. (0x12B)
[0226/202124.155:WARNING:pe_image_reader.cc(340)] could not read dos header from C:\WINDOWS\System32\CRYPT32.dll
[0226/202124.155:ERROR:process_memory_win.cc(73)] ReadMemory at 0x7ff845e10000 of 64 bytes failed: Only part of a ReadProcessMemory or WriteProcessMemory request was completed. (0x12B)
[0226/202124.155:WARNING:pe_image_reader.cc(340)] could not read dos header from C:\WINDOWS\SYSTEM32\IPHLPAPI.DLL
[0226/202124.155:ERROR:process_memory_win.cc(73)] ReadMemory at 0x7ff83d0e0000 of 64 bytes failed: Only part of a ReadProcessMemory or WriteProcessMemory request was completed. (0x12B)
[0226/202124.155:WARNING:pe_image_reader.cc(340)] could not read dos header from C:\WINDOWS\SYSTEM32\WINMM.dll
[0226/202124.155:ERROR:process_memory_win.cc(73)] ReadMemory at 0x7ff8467e0000 of 64 bytes failed: Only part of a ReadProcessMemory or WriteProcessMemory request was completed. (0x12B)
[0226/202124.155:WARNING:pe_image_reader.cc(340)] could not read dos header from C:\WINDOWS\SYSTEM32\USERENV.dll
[0226/202124.155:ERROR:process_memory_win.cc(73)] ReadMemory at 0x7ff846990000 of 64 bytes failed: Only part of a ReadProcessMemory or WriteProcessMemory request was completed. (0x12B)
[0226/202124.155:WARNING:pe_image_reader.cc(340)] could not read dos header from C:\WINDOWS\System32\profapi.dll
[0226/202124.155:ERROR:process_memory_win.cc(73)] ReadMemory at 0x7ff839dc0000 of 64 bytes failed: Only part of a ReadProcessMemory or WriteProcessMemory request was completed. (0x12B)
[0226/202124.155:WARNING:pe_image_reader.cc(340)] could not read dos header from C:\WINDOWS\SYSTEM32\DWrite.dll
[0226/202124.155:ERROR:process_memory_win.cc(73)] ReadMemory at 0x7ff83c9f0000 of 64 bytes failed: Only part of a ReadProcessMemory or WriteProcessMemory request was completed. (0x12B)
[0226/202124.155:WARNING:pe_image_reader.cc(340)] could not read dos header from C:\WINDOWS\SYSTEM32\WINSPOOL.DRV
[0226/202124.155:ERROR:process_memory_win.cc(73)] ReadMemory at 0x7ff846900000 of 64 bytes failed: Only part of a ReadProcessMemory or WriteProcessMemory request was completed. (0x12B)
[0226/202124.155:WARNING:pe_image_reader.cc(340)] could not read dos header from C:\WINDOWS\System32\kernel.appcore.dll
[0226/202124.155:ERROR:process_memory_win.cc(73)] ReadMemory at 0x7ff847160000 of 64 bytes failed: Only part of a ReadProcessMemory or WriteProcessMemory request was completed. (0x12B)
[0226/202124.155:WARNING:pe_image_reader.cc(340)] could not read dos header from C:\WINDOWS\System32\bcrypt.dll
[0226/202124.155:ERROR:process_memory_win.cc(73)] ReadMemory at 0x7ff8444f0000 of 64 bytes failed: Only part of a ReadProcessMemory or WriteProcessMemory request was completed. (0x12B)
[0226/202124.155:WARNING:pe_image_reader.cc(340)] could not read dos header from C:\WINDOWS\SYSTEM32\dbghelp.dll
[0226/202124.155:ERROR:process_memory_win.cc(73)] ReadMemory at 0x7ff845360000 of 64 bytes failed: Only part of a ReadProcessMemory or WriteProcessMemory request was completed. (0x12B)
[0226/202124.155:WARNING:pe_image_reader.cc(340)] could not read dos header from C:\WINDOWS\SYSTEM32\Secur32.dll
[0226/202124.155:ERROR:process_memory_win.cc(73)] ReadMemory at 0x7ff8412d0000 of 64 bytes failed: Only part of a ReadProcessMemory or WriteProcessMemory request was completed. (0x12B)
[0226/202124.155:WARNING:pe_image_reader.cc(340)] could not read dos header from C:\WINDOWS\SYSTEM32\WINHTTP.dll
[0226/202124.155:ERROR:process_memory_win.cc(73)] ReadMemory at 0x7ff8421c0000 of 64 bytes failed: Only part of a ReadProcessMemory or WriteProcessMemory request was completed. (0x12B)
[0226/202124.155:WARNING:pe_image_reader.cc(340)] could not read dos header from C:\WINDOWS\SYSTEM32\dhcpcsvc.DLL
[0226/202124.155:ERROR:process_memory_win.cc(73)] ReadMemory at 0x7ff847b50000 of 64 bytes failed: Only part of a ReadProcessMemory or WriteProcessMemory request was completed. (0x12B)
[0226/202124.155:WARNING:pe_image_reader.cc(340)] could not read dos header from C:\WINDOWS\System32\NSI.dll
[0226/202124.155:ERROR:process_memory_win.cc(73)] ReadMemory at 0x7ff83cc40000 of 64 bytes failed: Only part of a ReadProcessMemory or WriteProcessMemory request was completed. (0x12B)
[0226/202124.155:WARNING:pe_image_reader.cc(340)] could not read dos header from C:\WINDOWS\SYSTEM32\WINMMBASE.dll
[0226/202124.155:ERROR:process_memory_win.cc(73)] ReadMemory at 0x7ff8472a0000 of 64 bytes failed: Only part of a ReadProcessMemory or WriteProcessMemory request was completed. (0x12B)
[0226/202124.155:WARNING:pe_image_reader.cc(340)] could not read dos header from C:\WINDOWS\System32\cfgmgr32.dll
[0226/202124.155:ERROR:process_memory_win.cc(73)] ReadMemory at 0x7ff8453a0000 of 64 bytes failed: Only part of a ReadProcessMemory or WriteProcessMemory request was completed. (0x12B)
[0226/202124.156:WARNING:pe_image_reader.cc(340)] could not read dos header from C:\WINDOWS\SYSTEM32\PROPSYS.dll
[0226/202124.156:ERROR:process_memory_win.cc(73)] ReadMemory at 0x7ff848740000 of 64 bytes failed: Only part of a ReadProcessMemory or WriteProcessMemory request was completed. (0x12B)
[0226/202124.156:WARNING:pe_image_reader.cc(340)] could not read dos header from C:\WINDOWS\System32\shcore.dll
[0226/202124.156:ERROR:process_memory_win.cc(73)] ReadMemory at 0x7ff846810000 of 64 bytes failed: Only part of a ReadProcessMemory or WriteProcessMemory request was completed. (0x12B)
[0226/202124.156:WARNING:pe_image_reader.cc(340)] could not read dos header from C:\WINDOWS\SYSTEM32\SSPICLI.DLL
[0226/202124.156:ERROR:process_memory_win.cc(73)] ReadMemory at 0x7ff849190000 of 64 bytes failed: Only part of a ReadProcessMemory or WriteProcessMemory request was completed. (0x12B)
[0226/202124.156:WARNING:pe_image_reader.cc(340)] could not read dos header from C:\WINDOWS\System32\SHELL32.dll
[0226/202124.156:ERROR:process_memory_win.cc(73)] ReadMemory at 0x7ff8469e0000 of 64 bytes failed: Only part of a ReadProcessMemory or WriteProcessMemory request was completed. (0x12B)
[0226/202124.156:WARNING:pe_image_reader.cc(340)] could not read dos header from C:\WINDOWS\System32\windows.storage.dll
[0226/202124.156:ERROR:process_memory_win.cc(73)] ReadMemory at 0x7ff846920000 of 64 bytes failed: Only part of a ReadProcessMemory or WriteProcessMemory request was completed. (0x12B)
[0226/202124.156:WARNING:pe_image_reader.cc(340)] could not read dos header from C:\WINDOWS\System32\powrprof.dll
[0226/202124.156:ERROR:process_memory_win.cc(73)] ReadMemory at 0x7ff8468f0000 of 64 bytes failed: Only part of a ReadProcessMemory or WriteProcessMemory request was completed. (0x12B)
[0226/202124.156:WARNING:pe_image_reader.cc(340)] could not read dos header from C:\WINDOWS\System32\UMPDC.dll
[0226/202124.156:ERROR:process_memory_win.cc(73)] ReadMemory at 0x7ff849020000 of 64 bytes failed: Only part of a ReadProcessMemory or WriteProcessMemory request was completed. (0x12B)
[0226/202124.156:WARNING:pe_image_reader.cc(340)] could not read dos header from C:\WINDOWS\System32\shlwapi.dll
[0226/202124.156:ERROR:process_memory_win.cc(73)] ReadMemory at 0x7ff847ab0000 of 64 bytes failed: Only part of a ReadProcessMemory or WriteProcessMemory request was completed. (0x12B)
[0226/202124.156:WARNING:pe_image_reader.cc(340)] could not read dos header from C:\WINDOWS\System32\cryptsp.dll
[0226/202124.156:ERROR:process_memory_win.cc(73)] ReadMemory at 0x7ff8462d0000 of 64 bytes failed: Only part of a ReadProcessMemory or WriteProcessMemory request was completed. (0x12B)
[0226/202124.156:WARNING:pe_image_reader.cc(340)] could not read dos header from C:\WINDOWS\SYSTEM32\CRYPTBASE.DLL
[0226/202124.156:ERROR:process_memory_win.cc(73)] ReadMemory at 0x7ff8412b0000 of 64 bytes failed: Only part of a ReadProcessMemory or WriteProcessMemory request was completed. (0x12B)
[0226/202124.156:WARNING:pe_image_reader.cc(340)] could not read dos header from C:\WINDOWS\system32\NLAapi.dll
[0226/202124.156:ERROR:process_memory_win.cc(73)] ReadMemory at 0x7ff8422b0000 of 64 bytes failed: Only part of a ReadProcessMemory or WriteProcessMemory request was completed. (0x12B)
[0226/202124.156:WARNING:pe_image_reader.cc(340)] could not read dos header from C:\WINDOWS\SYSTEM32\dhcpcsvc6.DLL
[0226/202124.156:ERROR:process_memory_win.cc(73)] ReadMemory at 0x7ff845ea0000 of 64 bytes failed: Only part of a ReadProcessMemory or WriteProcessMemory request was completed. (0x12B)
[0226/202124.156:WARNING:pe_image_reader.cc(340)] could not read dos header from C:\WINDOWS\SYSTEM32\DNSAPI.dll
[0226/202124.156:ERROR:process_memory_win.cc(73)] ReadMemory at 0x7ff846100000 of 64 bytes failed: Only part of a ReadProcessMemory or WriteProcessMemory request was completed. (0x12B)
[0226/202124.156:WARNING:pe_image_reader.cc(340)] could not read dos header from C:\WINDOWS\system32\mswsock.dll
[0226/202124.156:ERROR:process_memory_win.cc(73)] ReadMemory at 0x7ff8423e0000 of 64 bytes failed: Only part of a ReadProcessMemory or WriteProcessMemory request was completed. (0x12B)
[0226/202124.156:WARNING:pe_image_reader.cc(340)] could not read dos header from C:\WINDOWS\System32\fwpuclnt.dll
[0226/202124.156:ERROR:process_memory_win.cc(73)] ReadMemory at 0x7ff8412a0000 of 64 bytes failed: Only part of a ReadProcessMemory or WriteProcessMemory request was completed. (0x12B)
[0226/202124.156:WARNING:pe_image_reader.cc(340)] could not read dos header from C:\Windows\System32\rasadhlp.dll
[0226/202124.156:ERROR:process_memory_win.cc(73)] ReadMemory at 0x7ff845c70000 of 64 bytes failed: Only part of a ReadProcessMemory or WriteProcessMemory request was completed. (0x12B)
[0226/202124.156:WARNING:pe_image_reader.cc(340)] could not read dos header from C:\WINDOWS\system32\rsaenh.dll
[0226/202124.156:ERROR:process_memory_win.cc(73)] ReadMemory at 0x7ff8454a0000 of 64 bytes failed: Only part of a ReadProcessMemory or WriteProcessMemory request was completed. (0x12B)
[0226/202124.156:WARNING:pe_image_reader.cc(340)] could not read dos header from C:\WINDOWS\SYSTEM32\gpapi.dll
[0226/202124.156:ERROR:process_memory_win.cc(73)] ReadMemory at 0x7ff82b4a0000 of 64 bytes failed: Only part of a ReadProcessMemory or WriteProcessMemory request was completed. (0x12B)
[0226/202124.156:WARNING:pe_image_reader.cc(340)] could not read dos header from C:\Windows\System32\cryptnet.dll
[0226/202124.156:ERROR:process_memory_win.cc(73)] ReadMemory at 0x7ff845620000 of 64 bytes failed: Only part of a ReadProcessMemory or WriteProcessMemory request was completed. (0x12B)
[0226/202124.156:WARNING:pe_image_reader.cc(340)] could not read dos header from C:\WINDOWS\SYSTEM32\ntmarta.dll
[0226/202124.157:ERROR:process_memory_win.cc(73)] ReadMemory at 0x7ff626910000 of 64 bytes failed: Only part of a ReadProcessMemory or WriteProcessMemory request was completed. (0x12B)
[0226/202124.157:WARNING:pe_image_reader.cc(340)] could not read dos header from C:\Program Files (x86)\Google\Chrome\Application\chrome.exe
[0226/202124.157:ERROR:process_memory_win.cc(73)] ReadMemory at 0x7ff849a20000 of 64 bytes failed: Only part of a ReadProcessMemory or WriteProcessMemory request was completed. (0x12B)
[0226/202124.157:WARNING:pe_image_reader.cc(340)] could not read dos header from C:\WINDOWS\SYSTEM32\ntdll.dll
[0226/202124.157:ERROR:process_memory_win.cc(73)] ReadMemory at 0x7ff848e40000 of 64 bytes failed: Only part of a ReadProcessMemory or WriteProcessMemory request was completed. (0x12B)
[0226/202124.157:WARNING:pe_image_reader.cc(340)] could not read dos header from C:\WINDOWS\System32\KERNEL32.DLL
[0226/202124.157:ERROR:process_memory_win.cc(73)] ReadMemory at 0x7ff8473f0000 of 64 bytes failed: Only part of a ReadProcessMemory or WriteProcessMemory request was completed. (0x12B)
[0226/202124.157:WARNING:pe_image_reader.cc(340)] could not read dos header from C:\WINDOWS\System32\KERNELBASE.dll
[0226/202124.157:ERROR:process_memory_win.cc(73)] ReadMemory at 0x7ff80e950000 of 64 bytes failed: Only part of a ReadProcessMemory or WriteProcessMemory request was completed. (0x12B)
[0226/202124.157:WARNING:pe_image_reader.cc(340)] could not read dos header from C:\Program Files (x86)\Google\Chrome\Application\79.0.3945.130\chrome_elf.dll
[0226/202124.157:ERROR:process_memory_win.cc(73)] ReadMemory at 0x7ff83c980000 of 64 bytes failed: Only part of a ReadProcessMemory or WriteProcessMemory request was completed. (0x12B)
[0226/202124.157:WARNING:pe_image_reader.cc(340)] could not read dos header from C:\WINDOWS\SYSTEM32\VERSION.dll
[0226/202124.157:ERROR:process_memory_win.cc(73)] ReadMemory at 0x7ff849080000 of 64 bytes failed: Only part of a ReadProcessMemory or WriteProcessMemory request was completed. (0x12B)
[0226/202124.157:WARNING:pe_image_reader.cc(340)] could not read dos header from C:\WINDOWS\System32\msvcrt.dll
[0226/202124.157:ERROR:process_memory_win.cc(73)] ReadMemory at 0x7ff847840000 of 64 bytes failed: Only part of a ReadProcessMemory or WriteProcessMemory request was completed. (0x12B)
[0226/202124.157:WARNING:pe_image_reader.cc(340)] could not read dos header from C:\WINDOWS\System32\bcryptPrimitives.dll
[0226/202124.157:ERROR:process_memory_win.cc(73)] ReadMemory at 0x7ff848c20000 of 64 bytes failed: Only part of a ReadProcessMemory or WriteProcessMemory request was completed. (0x12B)
[0226/202124.157:WARNING:pe_image_reader.cc(340)] could not read dos header from C:\WINDOWS\System32\ADVAPI32.dll
[0226/202124.157:ERROR:process_memory_win.cc(73)] ReadMemory at 0x7ff848da0000 of 64 bytes failed: Only part of a ReadProcessMemory or WriteProcessMemory request was completed. (0x12B)
[0226/202124.157:WARNING:pe_image_reader.cc(340)] could not read dos header from C:\WINDOWS\System32\sechost.dll
[0226/202124.157:ERROR:process_memory_win.cc(73)] ReadMemory at 0x7ff848f00000 of 64 bytes failed: Only part of a ReadProcessMemory or WriteProcessMemory request was completed. (0x12B)
[0226/202124.157:WARNING:pe_image_reader.cc(340)] could not read dos header from C:\WINDOWS\System32\RPCRT4.dll
[0226/202124.157:ERROR:process_memory_win.cc(73)] ReadMemory at 0x7ff8485a0000 of 64 bytes failed: Only part of a ReadProcessMemory or WriteProcessMemory request was completed. (0x12B)
[0226/202124.157:WARNING:pe_image_reader.cc(340)] could not read dos header from C:\WINDOWS\System32\user32.dll
[0226/202124.157:ERROR:process_memory_win.cc(73)] ReadMemory at 0x7ff8469b0000 of 64 bytes failed: Only part of a ReadProcessMemory or WriteProcessMemory request was completed. (0x12B)
[0226/202124.157:WARNING:pe_image_reader.cc(340)] could not read dos header from C:\WINDOWS\System32\win32u.dll
[0226/202124.157:ERROR:process_memory_win.cc(73)] ReadMemory at 0x7ff847bc0000 of 64 bytes failed: Only part of a ReadProcessMemory or WriteProcessMemory request was completed. (0x12B)
[0226/202124.157:WARNING:pe_image_reader.cc(340)] could not read dos header from C:\WINDOWS\System32\GDI32.dll
[0226/202124.157:ERROR:process_memory_win.cc(73)] ReadMemory at 0x7ff8476a0000 of 64 bytes failed: Only part of a ReadProcessMemory or WriteProcessMemory request was completed. (0x12B)
[0226/202124.157:WARNING:pe_image_reader.cc(340)] could not read dos header from C:\WINDOWS\System32\gdi32full.dll
[0226/202124.157:ERROR:process_memory_win.cc(73)] ReadMemory at 0x7ff847a10000 of 64 bytes failed: Only part of a ReadProcessMemory or WriteProcessMemory request was completed. (0x12B)
[0226/202124.157:WARNING:pe_image_reader.cc(340)] could not read dos header from C:\WINDOWS\System32\msvcp_win.dll
[0226/202124.157:ERROR:process_memory_win.cc(73)] ReadMemory at 0x7ff8472f0000 of 64 bytes failed: Only part of a ReadProcessMemory or WriteProcessMemory request was completed. (0x12B)
[0226/202124.157:WARNING:pe_image_reader.cc(340)] could not read dos header from C:\WINDOWS\System32\ucrtbase.dll
[0226/202124.157:ERROR:process_memory_win.cc(73)] ReadMemory at 0x7ff847da0000 of 64 bytes failed: Only part of a ReadProcessMemory or WriteProcessMemory request was completed. (0x12B)
[0226/202124.157:WARNING:pe_image_reader.cc(340)] could not read dos header from C:\WINDOWS\System32\IMM32.DLL
[0226/202124.157:ERROR:process_memory_win.cc(73)] ReadMemory at 0x7fffeff10000 of 64 bytes failed: Only part of a ReadProcessMemory or WriteProcessMemory request was completed. (0x12B)
[0226/202124.157:WARNING:pe_image_reader.cc(340)] could not read dos header from C:\Program Files (x86)\Google\Chrome\Application\79.0.3945.130\chrome_child.dll
[0226/202124.157:ERROR:process_memory_win.cc(73)] ReadMemory at 0x7ff847dd0000 of 64 bytes failed: Only part of a ReadProcessMemory or WriteProcessMemory request was completed. (0x12B)
[0226/202124.157:WARNING:pe_image_reader.cc(340)] could not read dos header from C:\WINDOWS\System32\OLEAUT32.dll
[0226/202124.157:ERROR:process_memory_win.cc(73)] ReadMemory at 0x7ff848860000 of 64 bytes failed: Only part of a ReadProcessMemory or WriteProcessMemory request was completed. (0x12B)
[0226/202124.157:WARNING:pe_image_reader.cc(340)] could not read dos header from C:\WINDOWS\System32\combase.dll
[0226/202124.157:ERROR:process_memory_win.cc(73)] ReadMemory at 0x7ff849120000 of 64 bytes failed: Only part of a ReadProcessMemory or WriteProcessMemory request was completed. (0x12B)
[0226/202124.157:WARNING:pe_image_reader.cc(340)] could not read dos header from C:\WINDOWS\System32\WS2_32.dll
[0226/202124.157:ERROR:process_memory_win.cc(73)] ReadMemory at 0x7ff847240000 of 64 bytes failed: Only part of a ReadProcessMemory or WriteProcessMemory request was completed. (0x12B)
[0226/202124.157:WARNING:pe_image_reader.cc(340)] could not read dos header from C:\WINDOWS\System32\WINTRUST.dll
[0226/202124.158:ERROR:process_memory_win.cc(73)] ReadMemory at 0x7ff846970000 of 64 bytes failed: Only part of a ReadProcessMemory or WriteProcessMemory request was completed. (0x12B)
[0226/202124.158:WARNING:pe_image_reader.cc(340)] could not read dos header from C:\WINDOWS\System32\MSASN1.dll
[0226/202124.158:ERROR:process_memory_win.cc(73)] ReadMemory at 0x7ff8478c0000 of 64 bytes failed: Only part of a ReadProcessMemory or WriteProcessMemory request was completed. (0x12B)
[0226/202124.158:WARNING:pe_image_reader.cc(340)] could not read dos header from C:\WINDOWS\System32\CRYPT32.dll
[0226/202124.158:ERROR:process_memory_win.cc(73)] ReadMemory at 0x7ff845e10000 of 64 bytes failed: Only part of a ReadProcessMemory or WriteProcessMemory request was completed. (0x12B)
[0226/202124.158:WARNING:pe_image_reader.cc(340)] could not read dos header from C:\WINDOWS\SYSTEM32\IPHLPAPI.DLL
[0226/202124.158:ERROR:process_memory_win.cc(73)] ReadMemory at 0x7ff83d0e0000 of 64 bytes failed: Only part of a ReadProcessMemory or WriteProcessMemory request was completed. (0x12B)
[0226/202124.158:WARNING:pe_image_reader.cc(340)] could not read dos header from C:\WINDOWS\SYSTEM32\WINMM.dll
[0226/202124.158:ERROR:process_memory_win.cc(73)] ReadMemory at 0x7ff8467e0000 of 64 bytes failed: Only part of a ReadProcessMemory or WriteProcessMemory request was completed. (0x12B)
[0226/202124.158:WARNING:pe_image_reader.cc(340)] could not read dos header from C:\WINDOWS\SYSTEM32\USERENV.dll
[0226/202124.158:ERROR:process_memory_win.cc(73)] ReadMemory at 0x7ff846990000 of 64 bytes failed: Only part of a ReadProcessMemory or WriteProcessMemory request was completed. (0x12B)
[0226/202124.158:WARNING:pe_image_reader.cc(340)] could not read dos header from C:\WINDOWS\System32\profapi.dll
[0226/202124.158:ERROR:process_memory_win.cc(73)] ReadMemory at 0x7ff839dc0000 of 64 bytes failed: Only part of a ReadProcessMemory or WriteProcessMemory request was completed. (0x12B)
[0226/202124.158:WARNING:pe_image_reader.cc(340)] could not read dos header from C:\WINDOWS\SYSTEM32\DWrite.dll
[0226/202124.158:ERROR:process_memory_win.cc(73)] ReadMemory at 0x7ff83c9f0000 of 64 bytes failed: Only part of a ReadProcessMemory or WriteProcessMemory request was completed. (0x12B)
[0226/202124.158:WARNING:pe_image_reader.cc(340)] could not read dos header from C:\WINDOWS\SYSTEM32\WINSPOOL.DRV
[0226/202124.158:ERROR:process_memory_win.cc(73)] ReadMemory at 0x7ff846900000 of 64 bytes failed: Only part of a ReadProcessMemory or WriteProcessMemory request was completed. (0x12B)
[0226/202124.158:WARNING:pe_image_reader.cc(340)] could not read dos header from C:\WINDOWS\System32\kernel.appcore.dll
[0226/202124.158:ERROR:process_memory_win.cc(73)] ReadMemory at 0x7ff847160000 of 64 bytes failed: Only part of a ReadProcessMemory or WriteProcessMemory request was completed. (0x12B)
[0226/202124.158:WARNING:pe_image_reader.cc(340)] could not read dos header from C:\WINDOWS\System32\bcrypt.dll
[0226/202124.158:ERROR:process_memory_win.cc(73)] ReadMemory at 0x7ff8444f0000 of 64 bytes failed: Only part of a ReadProcessMemory or WriteProcessMemory request was completed. (0x12B)
[0226/202124.158:WARNING:pe_image_reader.cc(340)] could not read dos header from C:\WINDOWS\SYSTEM32\dbghelp.dll
[0226/202124.158:ERROR:process_memory_win.cc(73)] ReadMemory at 0x7ff845360000 of 64 bytes failed: Only part of a ReadProcessMemory or WriteProcessMemory request was completed. (0x12B)
[0226/202124.158:WARNING:pe_image_reader.cc(340)] could not read dos header from C:\WINDOWS\SYSTEM32\Secur32.dll
[0226/202124.158:ERROR:process_memory_win.cc(73)] ReadMemory at 0x7ff8412d0000 of 64 bytes failed: Only part of a ReadProcessMemory or WriteProcessMemory request was completed. (0x12B)
[0226/202124.158:WARNING:pe_image_reader.cc(340)] could not read dos header from C:\WINDOWS\SYSTEM32\WINHTTP.dll
[0226/202124.158:ERROR:process_memory_win.cc(73)] ReadMemory at 0x7ff8421c0000 of 64 bytes failed: Only part of a ReadProcessMemory or WriteProcessMemory request was completed. (0x12B)
[0226/202124.158:WARNING:pe_image_reader.cc(340)] could not read dos header from C:\WINDOWS\SYSTEM32\dhcpcsvc.DLL
[0226/202124.158:ERROR:process_memory_win.cc(73)] ReadMemory at 0x7ff847b50000 of 64 bytes failed: Only part of a ReadProcessMemory or WriteProcessMemory request was completed. (0x12B)
[0226/202124.158:WARNING:pe_image_reader.cc(340)] could not read dos header from C:\WINDOWS\System32\NSI.dll
[0226/202124.158:ERROR:process_memory_win.cc(73)] ReadMemory at 0x7ff83cc40000 of 64 bytes failed: Only part of a ReadProcessMemory or WriteProcessMemory request was completed. (0x12B)
[0226/202124.158:WARNING:pe_image_reader.cc(340)] could not read dos header from C:\WINDOWS\SYSTEM32\WINMMBASE.dll
[0226/202124.158:ERROR:process_memory_win.cc(73)] ReadMemory at 0x7ff8472a0000 of 64 bytes failed: Only part of a ReadProcessMemory or WriteProcessMemory request was completed. (0x12B)
[0226/202124.158:WARNING:pe_image_reader.cc(340)] could not read dos header from C:\WINDOWS\System32\cfgmgr32.dll
[0226/202124.158:ERROR:process_memory_win.cc(73)] ReadMemory at 0x7ff8453a0000 of 64 bytes failed: Only part of a ReadProcessMemory or WriteProcessMemory request was completed. (0x12B)
[0226/202124.158:WARNING:pe_image_reader.cc(340)] could not read dos header from C:\WINDOWS\SYSTEM32\PROPSYS.dll
[0226/202124.158:ERROR:process_memory_win.cc(73)] ReadMemory at 0x7ff848740000 of 64 bytes failed: Only part of a ReadProcessMemory or WriteProcessMemory request was completed. (0x12B)
[0226/202124.158:WARNING:pe_image_reader.cc(340)] could not read dos header from C:\WINDOWS\System32\shcore.dll
[0226/202124.158:ERROR:process_memory_win.cc(73)] ReadMemory at 0x7ff846810000 of 64 bytes failed: Only part of a ReadProcessMemory or WriteProcessMemory request was completed. (0x12B)
[0226/202124.158:WARNING:pe_image_reader.cc(340)] could not read dos header from C:\WINDOWS\SYSTEM32\SSPICLI.DLL
[0226/202124.158:ERROR:process_memory_win.cc(73)] ReadMemory at 0x7ff849190000 of 64 bytes failed: Only part of a ReadProcessMemory or WriteProcessMemory request was completed. (0x12B)
[0226/202124.158:WARNING:pe_image_reader.cc(340)] could not read dos header from C:\WINDOWS\System32\SHELL32.dll
[0226/202124.159:ERROR:process_memory_win.cc(73)] ReadMemory at 0x7ff8469e0000 of 64 bytes failed: Only part of a ReadProcessMemory or WriteProcessMemory request was completed. (0x12B)
[0226/202124.159:WARNING:pe_image_reader.cc(340)] could not read dos header from C:\WINDOWS\System32\windows.storage.dll
[0226/202124.159:ERROR:process_memory_win.cc(73)] ReadMemory at 0x7ff846920000 of 64 bytes failed: Only part of a ReadProcessMemory or WriteProcessMemory request was completed. (0x12B)
[0226/202124.159:WARNING:pe_image_reader.cc(340)] could not read dos header from C:\WINDOWS\System32\powrprof.dll
[0226/202124.159:ERROR:process_memory_win.cc(73)] ReadMemory at 0x7ff8468f0000 of 64 bytes failed: Only part of a ReadProcessMemory or WriteProcessMemory request was completed. (0x12B)
[0226/202124.159:WARNING:pe_image_reader.cc(340)] could not read dos header from C:\WINDOWS\System32\UMPDC.dll
[0226/202124.159:ERROR:process_memory_win.cc(73)] ReadMemory at 0x7ff849020000 of 64 bytes failed: Only part of a ReadProcessMemory or WriteProcessMemory request was completed. (0x12B)
[0226/202124.159:WARNING:pe_image_reader.cc(340)] could not read dos header from C:\WINDOWS\System32\shlwapi.dll
[0226/202124.159:ERROR:process_memory_win.cc(73)] ReadMemory at 0x7ff847ab0000 of 64 bytes failed: Only part of a ReadProcessMemory or WriteProcessMemory request was completed. (0x12B)
[0226/202124.159:WARNING:pe_image_reader.cc(340)] could not read dos header from C:\WINDOWS\System32\cryptsp.dll
[0226/202124.159:ERROR:process_memory_win.cc(73)] ReadMemory at 0x7ff8462d0000 of 64 bytes failed: Only part of a ReadProcessMemory or WriteProcessMemory request was completed. (0x12B)
[0226/202124.159:WARNING:pe_image_reader.cc(340)] could not read dos header from C:\WINDOWS\SYSTEM32\CRYPTBASE.DLL
[0226/202124.159:ERROR:process_memory_win.cc(73)] ReadMemory at 0x7ff8412b0000 of 64 bytes failed: Only part of a ReadProcessMemory or WriteProcessMemory request was completed. (0x12B)
[0226/202124.159:WARNING:pe_image_reader.cc(340)] could not read dos header from C:\WINDOWS\system32\NLAapi.dll
[0226/202124.159:ERROR:process_memory_win.cc(73)] ReadMemory at 0x7ff8422b0000 of 64 bytes failed: Only part of a ReadProcessMemory or WriteProcessMemory request was completed. (0x12B)
[0226/202124.159:WARNING:pe_image_reader.cc(340)] could not read dos header from C:\WINDOWS\SYSTEM32\dhcpcsvc6.DLL
[0226/202124.159:ERROR:process_memory_win.cc(73)] ReadMemory at 0x7ff845ea0000 of 64 bytes failed: Only part of a ReadProcessMemory or WriteProcessMemory request was completed. (0x12B)
[0226/202124.159:WARNING:pe_image_reader.cc(340)] could not read dos header from C:\WINDOWS\SYSTEM32\DNSAPI.dll
[0226/202124.159:ERROR:process_memory_win.cc(73)] ReadMemory at 0x7ff846100000 of 64 bytes failed: Only part of a ReadProcessMemory or WriteProcessMemory request was completed. (0x12B)
[0226/202124.159:WARNING:pe_image_reader.cc(340)] could not read dos header from C:\WINDOWS\system32\mswsock.dll
[0226/202124.159:ERROR:process_memory_win.cc(73)] ReadMemory at 0x7ff8423e0000 of 64 bytes failed: Only part of a ReadProcessMemory or WriteProcessMemory request was completed. (0x12B)
[0226/202124.159:WARNING:pe_image_reader.cc(340)] could not read dos header from C:\WINDOWS\System32\fwpuclnt.dll
[0226/202124.159:ERROR:process_memory_win.cc(73)] ReadMemory at 0x7ff8412a0000 of 64 bytes failed: Only part of a ReadProcessMemory or WriteProcessMemory request was completed. (0x12B)
[0226/202124.159:WARNING:pe_image_reader.cc(340)] could not read dos header from C:\Windows\System32\rasadhlp.dll
[0226/202124.159:ERROR:process_memory_win.cc(73)] ReadMemory at 0x7ff845c70000 of 64 bytes failed: Only part of a ReadProcessMemory or WriteProcessMemory request was completed. (0x12B)
[0226/202124.159:WARNING:pe_image_reader.cc(340)] could not read dos header from C:\WINDOWS\system32\rsaenh.dll
[0226/202124.159:ERROR:process_memory_win.cc(73)] ReadMemory at 0x7ff8454a0000 of 64 bytes failed: Only part of a ReadProcessMemory or WriteProcessMemory request was completed. (0x12B)
[0226/202124.159:WARNING:pe_image_reader.cc(340)] could not read dos header from C:\WINDOWS\SYSTEM32\gpapi.dll
[0226/202124.159:ERROR:process_memory_win.cc(73)] ReadMemory at 0x7ff82b4a0000 of 64 bytes failed: Only part of a ReadProcessMemory or WriteProcessMemory request was completed. (0x12B)
[0226/202124.159:WARNING:pe_image_reader.cc(340)] could not read dos header from C:\Windows\System32\cryptnet.dll
[0226/202124.159:ERROR:process_memory_win.cc(73)] ReadMemory at 0x7ff845620000 of 64 bytes failed: Only part of a ReadProcessMemory or WriteProcessMemory request was completed. (0x12B)
[0226/202124.160:WARNING:pe_image_reader.cc(340)] could not read dos header from C:\WINDOWS\SYSTEM32\ntmarta.dll
[0226/202124.167:ERROR:process_memory_win.cc(73)] ReadMemory at 0x81c63fa000 of 24576 bytes failed: Only part of a ReadProcessMemory or WriteProcessMemory request was completed. (0x12B)
[0226/202124.167:ERROR:process_memory_win.cc(73)] ReadMemory at 0x81c5b9b000 of 852 bytes failed: Only part of a ReadProcessMemory or WriteProcessMemory request was completed. (0x12B)
[0226/202124.167:ERROR:process_memory_win.cc(73)] ReadMemory at 0x81c5b9c000 of 6024 bytes failed: Only part of a ReadProcessMemory or WriteProcessMemory request was completed. (0x12B)
[0226/202124.167:ERROR:process_memory_win.cc(73)] ReadMemory at 0x1c79f9d0750 of 80 bytes failed: Only part of a ReadProcessMemory or WriteProcessMemory request was completed. (0x12B)
[0226/202124.167:ERROR:process_memory_win.cc(73)] ReadMemory at 0x1c79f9d0fe0 of 8330 bytes failed: Only part of a ReadProcessMemory or WriteProcessMemory request was completed. (0x12B)
[0226/202124.167:ERROR:process_memory_win.cc(73)] ReadMemory at 0x1c79f9d3080 of 1012 bytes failed: Only part of a ReadProcessMemory or WriteProcessMemory request was completed. (0x12B)
[0226/202124.167:ERROR:process_memory_win.cc(73)] ReadMemory at 0x1c79f9d36c8 of 118 bytes failed: Only part of a ReadProcessMemory or WriteProcessMemory request was completed. (0x12B)
[0226/202124.167:ERROR:process_memory_win.cc(73)] ReadMemory at 0x1c79f9d3740 of 944 bytes failed: Only part of a ReadProcessMemory or WriteProcessMemory request was completed. (0x12B)
[0226/202124.167:ERROR:process_memory_win.cc(73)] ReadMemory at 0x1c79f9d3af2 of 118 bytes failed: Only part of a ReadProcessMemory or WriteProcessMemory request was completed. (0x12B)
[0226/202124.167:ERROR:process_memory_win.cc(73)] ReadMemory at 0x1c79f9d3b6a of 30 bytes failed: Only part of a ReadProcessMemory or WriteProcessMemory request was completed. (0x12B)
[0226/202124.168:ERROR:process_memory_win.cc(73)] ReadMemory at 0x1c79f9d3ba0 of 58 bytes failed: Only part of a ReadProcessMemory or WriteProcessMemory request was completed. (0x12B)
[0226/202124.168:ERROR:process_memory_win.cc(73)] ReadMemory at 0x1c79f9d3ca0 of 132 bytes failed: Only part of a ReadProcessMemory or WriteProcessMemory request was completed. (0x12B)
[0226/202124.168:ERROR:process_memory_win.cc(73)] ReadMemory at 0x1c79f9d3e30 of 132 bytes failed: Only part of a ReadProcessMemory or WriteProcessMemory request was completed. (0x12B)
[0226/202124.168:ERROR:process_memory_win.cc(73)] ReadMemory at 0x1c79f9d3ff0 of 126 bytes failed: Only part of a ReadProcessMemory or WriteProcessMemory request was completed. (0x12B)
[0226/202124.168:ERROR:process_memory_win.cc(73)] ReadMemory at 0x1c79f9d43d0 of 132 bytes failed: Only part of a ReadProcessMemory or WriteProcessMemory request was completed. (0x12B)
[0226/202124.168:ERROR:process_memory_win.cc(73)] ReadMemory at 0x1c79f9d4560 of 64 bytes failed: Only part of a ReadProcessMemory or WriteProcessMemory request was completed. (0x12B)
[0226/202124.168:ERROR:process_memory_win.cc(73)] ReadMemory at 0x1c79f9d4720 of 132 bytes failed: Only part of a ReadProcessMemory or WriteProcessMemory request was completed. (0x12B)
[0226/202124.168:ERROR:process_memory_win.cc(73)] ReadMemory at 0x1c79f9d49c0 of 132 bytes failed: Only part of a ReadProcessMemory or WriteProcessMemory request was completed. (0x12B)
[0226/202124.168:ERROR:process_memory_win.cc(73)] ReadMemory at 0x1c79f9d4b50 of 68 bytes failed: Only part of a ReadProcessMemory or WriteProcessMemory request was completed. (0x12B)
[0226/202124.168:ERROR:process_memory_win.cc(73)] ReadMemory at 0x1c79f9d5c80 of 132 bytes failed: Only part of a ReadProcessMemory or WriteProcessMemory request was completed. (0x12B)
[0226/202124.168:ERROR:process_memory_win.cc(73)] ReadMemory at 0x1c79f9d5e10 of 154 bytes failed: Only part of a ReadProcessMemory or WriteProcessMemory request was completed. (0x12B)
[0226/202124.168:ERROR:process_memory_win.cc(73)] ReadMemory at 0x1c79f9d6a3c of 512 bytes failed: Only part of a ReadProcessMemory or WriteProcessMemory request was completed. (0x12B)
[0226/202124.168:ERROR:process_memory_win.cc(73)] ReadMemory at 0x1c79f9d6ea0 of 60 bytes failed: Only part of a ReadProcessMemory or WriteProcessMemory request was completed. (0x12B)
[0226/202124.168:ERROR:process_memory_win.cc(73)] ReadMemory at 0x1c79f9d6ef0 of 62 bytes failed: Only part of a ReadProcessMemory or WriteProcessMemory request was completed. (0x12B)
[0226/202124.168:ERROR:process_memory_win.cc(73)] ReadMemory at 0x1c79f9d6f40 of 62 bytes failed: Only part of a ReadProcessMemory or WriteProcessMemory request was completed. (0x12B)
[0226/202124.168:ERROR:process_memory_win.cc(73)] ReadMemory at 0x1c79f9d6f90 of 58 bytes failed: Only part of a ReadProcessMemory or WriteProcessMemory request was completed. (0x12B)
[0226/202124.168:ERROR:process_memory_win.cc(73)] ReadMemory at 0x1c79f9d6fe0 of 62 bytes failed: Only part of a ReadProcessMemory or WriteProcessMemory request was completed. (0x12B)
[0226/202124.168:ERROR:process_memory_win.cc(73)] ReadMemory at 0x1c79f9d7080 of 64 bytes failed: Only part of a ReadProcessMemory or WriteProcessMemory request was completed. (0x12B)
[0226/202124.168:ERROR:process_memory_win.cc(73)] ReadMemory at 0x1c79f9d7120 of 58 bytes failed: Only part of a ReadProcessMemory or WriteProcessMemory request was completed. (0x12B)
[0226/202124.168:ERROR:process_memory_win.cc(73)] ReadMemory at 0x1c79f9d7170 of 60 bytes failed: Only part of a ReadProcessMemory or WriteProcessMemory request was completed. (0x12B)
[0226/202124.168:ERROR:process_memory_win.cc(73)] ReadMemory at 0x1c79f9d7210 of 62 bytes failed: Only part of a ReadProcessMemory or WriteProcessMemory request was completed. (0x12B)
[0226/202124.168:ERROR:process_memory_win.cc(73)] ReadMemory at 0x1c79f9d7260 of 64 bytes failed: Only part of a ReadProcessMemory or WriteProcessMemory request was completed. (0x12B)
[0226/202124.168:ERROR:process_memory_win.cc(73)] ReadMemory at 0x1c79f9d72b0 of 62 bytes failed: Only part of a ReadProcessMemory or WriteProcessMemory request was completed. (0x12B)
[0226/202124.168:ERROR:process_memory_win.cc(73)] ReadMemory at 0x1c79f9d7300 of 60 bytes failed: Only part of a ReadProcessMemory or WriteProcessMemory request was completed. (0x12B)
[0226/202124.169:ERROR:process_memory_win.cc(73)] ReadMemory at 0x1c79f9d73f0 of 60 bytes failed: Only part of a ReadProcessMemory or WriteProcessMemory request was completed. (0x12B)
[0226/202124.169:ERROR:process_memory_win.cc(73)] ReadMemory at 0x1c79f9d7440 of 62 bytes failed: Only part of a ReadProcessMemory or WriteProcessMemory request was completed. (0x12B)
[0226/202124.169:ERROR:process_memory_win.cc(73)] ReadMemory at 0x1c79f9d7580 of 64 bytes failed: Only part of a ReadProcessMemory or WriteProcessMemory request was completed. (0x12B)
[0226/202124.169:ERROR:process_memory_win.cc(73)] ReadMemory at 0x1c79f9d75d0 of 64 bytes failed: Only part of a ReadProcessMemory or WriteProcessMemory request was completed. (0x12B)
[0226/202124.169:ERROR:process_memory_win.cc(73)] ReadMemory at 0x1c79f9d89b0 of 62 bytes failed: Only part of a ReadProcessMemory or WriteProcessMemory request was completed. (0x12B)
[0226/202124.169:ERROR:process_memory_win.cc(73)] ReadMemory at 0x1c79f9d8b10 of 132 bytes failed: Only part of a ReadProcessMemory or WriteProcessMemory request was completed. (0x12B)
[0226/202124.169:ERROR:process_memory_win.cc(73)] ReadMemory at 0x1c79f9d8ca0 of 60 bytes failed: Only part of a ReadProcessMemory or WriteProcessMemory request was completed. (0x12B)
[0226/202124.169:ERROR:process_memory_win.cc(73)] ReadMemory at 0x1c79f9d8f90 of 132 bytes failed: Only part of a ReadProcessMemory or WriteProcessMemory request was completed. (0x12B)
[0226/202124.169:ERROR:process_memory_win.cc(73)] ReadMemory at 0x1c79f9d91c0 of 132 bytes failed: Only part of a ReadProcessMemory or WriteProcessMemory request was completed. (0x12B)
[0226/202124.169:ERROR:process_memory_win.cc(73)] ReadMemory at 0x1c79f9dc160 of 60 bytes failed: Only part of a ReadProcessMemory or WriteProcessMemory request was completed. (0x12B)
[0226/202124.169:ERROR:process_memory_win.cc(73)] ReadMemory at 0x1c79f9dc200 of 66 bytes failed: Only part of a ReadProcessMemory or WriteProcessMemory request was completed. (0x12B)
[0226/202124.169:ERROR:process_memory_win.cc(73)] ReadMemory at 0x1c79f9dc250 of 66 bytes failed: Only part of a ReadProcessMemory or WriteProcessMemory request was completed. (0x12B)
[0226/202124.169:ERROR:process_memory_win.cc(73)] ReadMemory at 0x1c79f9dc2a0 of 64 bytes failed: Only part of a ReadProcessMemory or WriteProcessMemory request was completed. (0x12B)
[0226/202124.169:ERROR:process_memory_win.cc(73)] ReadMemory at 0x1c79f9dc2f0 of 64 bytes failed: Only part of a ReadProcessMemory or WriteProcessMemory request was completed. (0x12B)
[0226/202124.169:ERROR:process_memory_win.cc(73)] ReadMemory at 0x1c79f9dc340 of 60 bytes failed: Only part of a ReadProcessMemory or WriteProcessMemory request was completed. (0x12B)
[0226/202124.169:ERROR:process_memory_win.cc(73)] ReadMemory at 0x1c79f9dc390 of 60 bytes failed: Only part of a ReadProcessMemory or WriteProcessMemory request was completed. (0x12B)
[0226/202124.169:ERROR:process_memory_win.cc(73)] ReadMemory at 0x1c79f9dc520 of 58 bytes failed: Only part of a ReadProcessMemory or WriteProcessMemory request was completed. (0x12B)
[0226/202124.169:ERROR:process_memory_win.cc(73)] ReadMemory at 0x1c79f9dc7a0 of 62 bytes failed: Only part of a ReadProcessMemory or WriteProcessMemory request was completed. (0x12B)
[0226/202124.169:ERROR:process_memory_win.cc(73)] ReadMemory at 0x1c79f9e03b0 of 132 bytes failed: Only part of a ReadProcessMemory or WriteProcessMemory request was completed. (0x12B)
[0226/202124.169:ERROR:process_memory_win.cc(73)] ReadMemory at 0x1c79f9e1460 of 132 bytes failed: Only part of a ReadProcessMemory or WriteProcessMemory request was completed. (0x12B)
[0226/202124.169:ERROR:process_memory_win.cc(73)] ReadMemory at 0x1c79f9e1590 of 132 bytes failed: Only part of a ReadProcessMemory or WriteProcessMemory request was completed. (0x12B)
[0226/202124.169:ERROR:process_memory_win.cc(73)] ReadMemory at 0x1c79f9e2990 of 132 bytes failed: Only part of a ReadProcessMemory or WriteProcessMemory request was completed. (0x12B)
[0226/202124.170:ERROR:process_memory_win.cc(73)] ReadMemory at 0x1c79f9e2b40 of 158 bytes failed: Only part of a ReadProcessMemory or WriteProcessMemory request was completed. (0x12B)
[0226/202124.170:ERROR:process_memory_win.cc(73)] ReadMemory at 0x1c79f9e5c50 of 54 bytes failed: Only part of a ReadProcessMemory or WriteProcessMemory request was completed. (0x12B)
[0226/202124.170:ERROR:process_memory_win.cc(73)] ReadMemory at 0x1c79f9e69d0 of 132 bytes failed: Only part of a ReadProcessMemory or WriteProcessMemory request was completed. (0x12B)
[0226/202124.170:ERROR:process_memory_win.cc(73)] ReadMemory at 0x1c79f9e6c40 of 132 bytes failed: Only part of a ReadProcessMemory or WriteProcessMemory request was completed. (0x12B)
[0226/202124.170:ERROR:process_memory_win.cc(73)] ReadMemory at 0x1c79f9e6d70 of 132 bytes failed: Only part of a ReadProcessMemory or WriteProcessMemory request was completed. (0x12B)
[0226/202124.170:ERROR:process_memory_win.cc(73)] ReadMemory at 0x1c79f9e6ea0 of 132 bytes failed: Only part of a ReadProcessMemory or WriteProcessMemory request was completed. (0x12B)
[0226/202124.170:ERROR:process_memory_win.cc(73)] ReadMemory at 0x1c79f9e7740 of 132 bytes failed: Only part of a ReadProcessMemory or WriteProcessMemory request was completed. (0x12B)
[0226/202124.170:ERROR:process_memory_win.cc(73)] ReadMemory at 0x1c79f9e7870 of 132 bytes failed: Only part of a ReadProcessMemory or WriteProcessMemory request was completed. (0x12B)
[0226/202124.170:ERROR:process_memory_win.cc(73)] ReadMemory at 0x1c79f9e79a0 of 132 bytes failed: Only part of a ReadProcessMemory or WriteProcessMemory request was completed. (0x12B)
[0226/202124.170:ERROR:process_memory_win.cc(73)] ReadMemory at 0x1c79f9e7ad0 of 132 bytes failed: Only part of a ReadProcessMemory or WriteProcessMemory request was completed. (0x12B)
[0226/202124.170:ERROR:process_memory_win.cc(73)] ReadMemory at 0x1c79f9e7c00 of 132 bytes failed: Only part of a ReadProcessMemory or WriteProcessMemory request was completed. (0x12B)
[0226/202124.170:ERROR:process_memory_win.cc(73)] ReadMemory at 0x1c79f9e7e60 of 132 bytes failed: Only part of a ReadProcessMemory or WriteProcessMemory request was completed. (0x12B)
[0226/202124.170:ERROR:process_memory_win.cc(73)] ReadMemory at 0x1c79f9e7f90 of 132 bytes failed: Only part of a ReadProcessMemory or WriteProcessMemory request was completed. (0x12B)
[0226/202124.170:ERROR:process_memory_win.cc(73)] ReadMemory at 0x1c79f9e80c0 of 132 bytes failed: Only part of a ReadProcessMemory or WriteProcessMemory request was completed. (0x12B)
[0226/202124.170:ERROR:process_memory_win.cc(73)] ReadMemory at 0x1c79f9e81f0 of 132 bytes failed: Only part of a ReadProcessMemory or WriteProcessMemory request was completed. (0x12B)
[0226/202124.170:ERROR:process_memory_win.cc(73)] ReadMemory at 0x1c79f9e8320 of 132 bytes failed: Only part of a ReadProcessMemory or WriteProcessMemory request was completed. (0x12B)
[0226/202124.170:ERROR:process_memory_win.cc(73)] ReadMemory at 0x1c79f9e8450 of 132 bytes failed: Only part of a ReadProcessMemory or WriteProcessMemory request was completed. (0x12B)
[0226/202124.170:ERROR:process_memory_win.cc(73)] ReadMemory at 0x1c79f9e8580 of 132 bytes failed: Only part of a ReadProcessMemory or WriteProcessMemory request was completed. (0x12B)
[0226/202124.170:ERROR:process_memory_win.cc(73)] ReadMemory at 0x1c79f9eb5a0 of 76 bytes failed: Only part of a ReadProcessMemory or WriteProcessMemory request was completed. (0x12B)
[0226/202124.170:ERROR:process_memory_win.cc(73)] ReadMemory at 0x1c79f9ebd80 of 78 bytes failed: Only part of a ReadProcessMemory or WriteProcessMemory request was completed. (0x12B)
[0226/202124.171:ERROR:process_memory_win.cc(73)] ReadMemory at 0x1c79f9ef8b0 of 132 bytes failed: Only part of a ReadProcessMemory or WriteProcessMemory request was completed. (0x12B)
[0226/202124.171:ERROR:process_memory_win.cc(73)] ReadMemory at 0x1c79f9ef9e0 of 132 bytes failed: Only part of a ReadProcessMemory or WriteProcessMemory request was completed. (0x12B)
[0226/202124.171:ERROR:process_memory_win.cc(73)] ReadMemory at 0x1c79f9efb10 of 132 bytes failed: Only part of a ReadProcessMemory or WriteProcessMemory request was completed. (0x12B)
[0226/202124.171:ERROR:process_memory_win.cc(73)] ReadMemory at 0x1c79f9efc40 of 132 bytes failed: Only part of a ReadProcessMemory or WriteProcessMemory request was completed. (0x12B)
[0226/202124.171:ERROR:process_memory_win.cc(73)] ReadMemory at 0x1c79f9efd70 of 132 bytes failed: Only part of a ReadProcessMemory or WriteProcessMemory request was completed. (0x12B)
[0226/202124.171:ERROR:process_memory_win.cc(73)] ReadMemory at 0x1c79f9efea0 of 132 bytes failed: Only part of a ReadProcessMemory or WriteProcessMemory request was completed. (0x12B)
[0226/202124.171:ERROR:process_memory_win.cc(73)] ReadMemory at 0x1c79f9effd0 of 132 bytes failed: Only part of a ReadProcessMemory or WriteProcessMemory request was completed. (0x12B)
[0226/202124.171:ERROR:process_memory_win.cc(73)] ReadMemory at 0x1c79f9f0230 of 132 bytes failed: Only part of a ReadProcessMemory or WriteProcessMemory request was completed. (0x12B)
[0226/202124.171:ERROR:process_memory_win.cc(73)] ReadMemory at 0x1c79f9f0360 of 132 bytes failed: Only part of a ReadProcessMemory or WriteProcessMemory request was completed. (0x12B)
[0226/202124.171:ERROR:process_memory_win.cc(73)] ReadMemory at 0x1c79f9f0490 of 132 bytes failed: Only part of a ReadProcessMemory or WriteProcessMemory request was completed. (0x12B)
[0226/202124.171:ERROR:process_memory_win.cc(73)] ReadMemory at 0x1c79f9f05c0 of 132 bytes failed: Only part of a ReadProcessMemory or WriteProcessMemory request was completed. (0x12B)
[0226/202124.171:ERROR:process_memory_win.cc(73)] ReadMemory at 0x1c79f9f0820 of 132 bytes failed: Only part of a ReadProcessMemory or WriteProcessMemory request was completed. (0x12B)
[0226/202124.171:ERROR:process_memory_win.cc(73)] ReadMemory at 0x1c79f9f0950 of 132 bytes failed: Only part of a ReadProcessMemory or WriteProcessMemory request was completed. (0x12B)
[0226/202124.171:ERROR:process_memory_win.cc(73)] ReadMemory at 0x1c79f9f0a80 of 132 bytes failed: Only part of a ReadProcessMemory or WriteProcessMemory request was completed. (0x12B)
[0226/202124.171:ERROR:process_memory_win.cc(73)] ReadMemory at 0x1c79f9f0bb0 of 132 bytes failed: Only part of a ReadProcessMemory or WriteProcessMemory request was completed. (0x12B)
[0226/202124.171:ERROR:process_memory_win.cc(73)] ReadMemory at 0x1c79f9f0ce0 of 132 bytes failed: Only part of a ReadProcessMemory or WriteProcessMemory request was completed. (0x12B)
[0226/202124.171:ERROR:process_memory_win.cc(73)] ReadMemory at 0x1c79f9f0e10 of 132 bytes failed: Only part of a ReadProcessMemory or WriteProcessMemory request was completed. (0x12B)
[0226/202124.171:ERROR:process_memory_win.cc(73)] ReadMemory at 0x1c79f9f0f40 of 132 bytes failed: Only part of a ReadProcessMemory or WriteProcessMemory request was completed. (0x12B)
[0226/202124.171:ERROR:process_memory_win.cc(73)] ReadMemory at 0x1c79f9f1070 of 132 bytes failed: Only part of a ReadProcessMemory or WriteProcessMemory request was completed. (0x12B)
[0226/202124.171:ERROR:process_memory_win.cc(73)] ReadMemory at 0x1c79f9f11a0 of 132 bytes failed: Only part of a ReadProcessMemory or WriteProcessMemory request was completed. (0x12B)
[0226/202124.171:ERROR:process_memory_win.cc(73)] ReadMemory at 0x1c79f9f12d0 of 132 bytes failed: Only part of a ReadProcessMemory or WriteProcessMemory request was completed. (0x12B)
[0226/202124.171:ERROR:process_memory_win.cc(73)] ReadMemory at 0x1c79f9f1400 of 132 bytes failed: Only part of a ReadProcessMemory or WriteProcessMemory request was completed. (0x12B)
[0226/202124.171:ERROR:process_memory_win.cc(73)] ReadMemory at 0x1c79f9f1530 of 132 bytes failed: Only part of a ReadProcessMemory or WriteProcessMemory request was completed. (0x12B)
[0226/202124.172:ERROR:process_memory_win.cc(73)] ReadMemory at 0x1c79f9f1660 of 132 bytes failed: Only part of a ReadProcessMemory or WriteProcessMemory request was completed. (0x12B)
[0226/202124.172:ERROR:process_memory_win.cc(73)] ReadMemory at 0x1c79f9f3fb0 of 62 bytes failed: Only part of a ReadProcessMemory or WriteProcessMemory request was completed. (0x12B)
[0226/202124.172:ERROR:process_memory_win.cc(73)] ReadMemory at 0x1c79f9f4190 of 58 bytes failed: Only part of a ReadProcessMemory or WriteProcessMemory request was completed. (0x12B)
[0226/202124.172:ERROR:process_memory_win.cc(73)] ReadMemory at 0x1c79f9f4870 of 62 bytes failed: Only part of a ReadProcessMemory or WriteProcessMemory request was completed. (0x12B)
[0226/202124.172:ERROR:process_memory_win.cc(73)] ReadMemory at 0x1c79f9f4910 of 66 bytes failed: Only part of a ReadProcessMemory or WriteProcessMemory request was completed. (0x12B)
[0226/202124.172:ERROR:process_memory_win.cc(73)] ReadMemory at 0x1c79f9f49b0 of 62 bytes failed: Only part of a ReadProcessMemory or WriteProcessMemory request was completed. (0x12B)
[0226/202124.172:ERROR:process_memory_win.cc(73)] ReadMemory at 0x1c79f9f4aa0 of 62 bytes failed: Only part of a ReadProcessMemory or WriteProcessMemory request was completed. (0x12B)
[0226/202124.172:ERROR:process_memory_win.cc(73)] ReadMemory at 0x1c79f9f4af0 of 64 bytes failed: Only part of a ReadProcessMemory or WriteProcessMemory request was completed. (0x12B)
[0226/202124.172:ERROR:process_memory_win.cc(73)] ReadMemory at 0x1c79f9f4b90 of 64 bytes failed: Only part of a ReadProcessMemory or WriteProcessMemory request was completed. (0x12B)
[0226/202124.172:ERROR:process_memory_win.cc(73)] ReadMemory at 0x1c79f9f4be0 of 64 bytes failed: Only part of a ReadProcessMemory or WriteProcessMemory request was completed. (0x12B)
[0226/202124.172:ERROR:process_memory_win.cc(73)] ReadMemory at 0x1c79f9f4c80 of 62 bytes failed: Only part of a ReadProcessMemory or WriteProcessMemory request was completed. (0x12B)
[0226/202124.172:ERROR:process_memory_win.cc(73)] ReadMemory at 0x1c79f9f4e60 of 60 bytes failed: Only part of a ReadProcessMemory or WriteProcessMemory request was completed. (0x12B)
[0226/202124.172:ERROR:process_memory_win.cc(73)] ReadMemory at 0x1c79f9f4f00 of 62 bytes failed: Only part of a ReadProcessMemory or WriteProcessMemory request was completed. (0x12B)
[0226/202124.172:ERROR:process_memory_win.cc(73)] ReadMemory at 0x1c79f9ff960 of 66 bytes failed: Only part of a ReadProcessMemory or WriteProcessMemory request was completed. (0x12B)
[0226/202124.172:ERROR:process_memory_win.cc(73)] ReadMemory at 0x1c79f9ff9b0 of 60 bytes failed: Only part of a ReadProcessMemory or WriteProcessMemory request was completed. (0x12B)
[0226/202124.172:ERROR:process_memory_win.cc(73)] ReadMemory at 0x1c79f9ffaa0 of 62 bytes failed: Only part of a ReadProcessMemory or WriteProcessMemory request was completed. (0x12B)
[0226/202124.172:ERROR:process_memory_win.cc(73)] ReadMemory at 0x1c79f9ffaf0 of 64 bytes failed: Only part of a ReadProcessMemory or WriteProcessMemory request was completed. (0x12B)
[0226/202124.172:ERROR:process_memory_win.cc(73)] ReadMemory at 0x1c79f9ffe10 of 60 bytes failed: Only part of a ReadProcessMemory or WriteProcessMemory request was completed. (0x12B)
[0226/202124.172:ERROR:process_memory_win.cc(73)] ReadMemory at 0x1c79fa00270 of 66 bytes failed: Only part of a ReadProcessMemory or WriteProcessMemory request was completed. (0x12B)
[0226/202124.172:ERROR:process_memory_win.cc(73)] ReadMemory at 0x1c79fa00400 of 64 bytes failed: Only part of a ReadProcessMemory or WriteProcessMemory request was completed. (0x12B)
[0226/202124.172:ERROR:process_memory_win.cc(73)] ReadMemory at 0x1c79fa4f560 of 132 bytes failed: Only part of a ReadProcessMemory or WriteProcessMemory request was completed. (0x12B)
[0226/202124.173:ERROR:process_memory_win.cc(73)] ReadMemory at 0x1c79fa4f7c0 of 132 bytes failed: Only part of a ReadProcessMemory or WriteProcessMemory request was completed. (0x12B)
[0226/202124.173:ERROR:process_memory_win.cc(73)] ReadMemory at 0x1c79fa4fa20 of 132 bytes failed: Only part of a ReadProcessMemory or WriteProcessMemory request was completed. (0x12B)
[0226/202124.173:ERROR:process_memory_win.cc(73)] ReadMemory at 0x1c79fa4fc80 of 132 bytes failed: Only part of a ReadProcessMemory or WriteProcessMemory request was completed. (0x12B)
[0226/202124.173:ERROR:process_memory_win.cc(73)] ReadMemory at 0x1c79fa50140 of 132 bytes failed: Only part of a ReadProcessMemory or WriteProcessMemory request was completed. (0x12B)
[0226/202124.173:ERROR:process_memory_win.cc(73)] ReadMemory at 0x1c79fa50270 of 132 bytes failed: Only part of a ReadProcessMemory or WriteProcessMemory request was completed. (0x12B)
[0226/202124.173:ERROR:process_memory_win.cc(73)] ReadMemory at 0x1c79fa6a6b0 of 60 bytes failed: Only part of a ReadProcessMemory or WriteProcessMemory request was completed. (0x12B)
[0226/202124.173:ERROR:process_memory_win.cc(73)] ReadMemory at 0x1c79faae470 of 58 bytes failed: Only part of a ReadProcessMemory or WriteProcessMemory request was completed. (0x12B)
[0226/202124.173:ERROR:process_memory_win.cc(73)] ReadMemory at 0x1c79fabff40 of 64 bytes failed: Only part of a ReadProcessMemory or WriteProcessMemory request was completed. (0x12B)
[0226/202124.173:ERROR:process_memory_win.cc(73)] ReadMemory at 0x7ff84742a7b9 of 512 bytes failed: Only part of a ReadProcessMemory or WriteProcessMemory request was completed. (0x12B)
[0226/202124.173:ERROR:process_memory_win.cc(73)] ReadMemory at 0x7ff84765b6d0 of 512 bytes failed: Only part of a ReadProcessMemory or WriteProcessMemory request was completed. (0x12B)
[0226/202124.173:ERROR:process_memory_win.cc(73)] ReadMemory at 0x7ff849abc6c4 of 512 bytes failed: Only part of a ReadProcessMemory or WriteProcessMemory request was completed. (0x12B)
[0226/202124.173:ERROR:process_memory_win.cc(73)] ReadMemory at 0x7ff849b4c428 of 18 bytes failed: Only part of a ReadProcessMemory or WriteProcessMemory request was completed. (0x12B)
[0226/202124.173:ERROR:process_memory_win.cc(73)] ReadMemory at 0x7ff849b7f4f8 of 40 bytes failed: Only part of a ReadProcessMemory or WriteProcessMemory request was completed. (0x12B)
[0226/202124.173:ERROR:process_memory_win.cc(73)] ReadMemory at 0x7ff849b7f978 of 48 bytes failed: Only part of a ReadProcessMemory or WriteProcessMemory request was completed. (0x12B)
[0226/202124.173:ERROR:process_memory_win.cc(73)] ReadMemory at 0x7ff849b853c0 of 64 bytes failed: Only part of a ReadProcessMemory or WriteProcessMemory request was completed. (0x12B)
[0226/202124.174:ERROR:scoped_process_suspend.cc(40)] NtResumeProcess: An attempt was made to access an exiting process. (0xc000010a)
[0324/222715.358:ERROR:process_reader_win.cc(123)] NtOpenThread: {Access Denied} A process has requested access to an object, but has not been granted those access rights. (0xc0000022)
[0325/185241.167:ERROR:file_io.cc(89)] ReadExactly: expected 36, observed 0
[0326/000656.111:ERROR:process_reader_win.cc(151)] SuspendThread: Access is denied. (0x5)
[0326/000656.126:ERROR:process_reader_win.cc(151)] SuspendThread: Access is denied. (0x5)
[0326/000656.127:ERROR:process_reader_win.cc(151)] SuspendThread: Access is denied. (0x5)
[0326/000656.127:ERROR:process_reader_win.cc(151)] SuspendThread: Access is denied. (0x5)
[0326/000656.127:ERROR:process_reader_win.cc(123)] NtOpenThread: {Access Denied} A process has requested access to an object, but has not been granted those access rights. (0xc0000022)
[0326/000656.127:ERROR:exception_snapshot_win.cc(98)] thread ID 24020 not found in process
[0326/000656.127:ERROR:process_reader_win.cc(123)] NtOpenThread: {Access Denied} A process has requested access to an object, but has not been granted those access rights. (0xc0000022)
[0326/000656.127:ERROR:exception_snapshot_win.cc(98)] thread ID 10172 not found in process
